ARM GAS  C:\Users\PAVAND~1\AppData\Local\Temp\cc763w4s.s 			page 1


   1              		.cpu cortex-m0
   2              		.fpu softvfp
   3              		.eabi_attribute 20, 1
   4              		.eabi_attribute 21, 1
   5              		.eabi_attribute 23, 3
   6              		.eabi_attribute 24, 1
   7              		.eabi_attribute 25, 1
   8              		.eabi_attribute 26, 1
   9              		.eabi_attribute 30, 6
  10              		.eabi_attribute 34, 0
  11              		.eabi_attribute 18, 4
  12              		.code	16
  13              		.file	"BLE_1_custom.c"
  14              		.text
  15              	.Ltext0:
  16              		.cfi_sections	.debug_frame
  17              		.global	cyBle_customs
  18              		.section	.rodata
  19              		.align	2
  20              		.type	cyBle_customs, %object
  21              		.size	cyBle_customs, 28
  22              	cyBle_customs:
  23 0000 0C00     		.short	12
  24 0002 0E00     		.short	14
  25 0004 0F00     		.short	15
  26 0006 0000     		.short	0
  27 0008 1100     		.short	17
  28 000a 1200     		.short	18
  29 000c 1300     		.short	19
  30 000e 1400     		.short	20
  31 0010 1600     		.short	22
  32 0012 1700     		.short	23
  33 0014 0000     		.short	0
  34 0016 0000     		.short	0
  35 0018 0000     		.short	0
  36 001a 0000     		.short	0
  37              		.text
  38              	.Letext0:
  39              		.file 1 ".\\Generated_Source\\PSoC4\\cytypes.h"
  40              		.file 2 ".\\Generated_Source\\PSoC4\\BLE_1_StackGatt.h"
  41              		.file 3 ".\\Generated_Source\\PSoC4\\BLE_1_custom.h"
  42              		.file 4 ".\\Generated_Source\\PSoC4\\BLE_1_Stack.h"
  43              		.file 5 ".\\Generated_Source\\PSoC4\\BLE_1_custom.c"
  44              		.section	.debug_info,"",%progbits
  45              	.Ldebug_info0:
  46 0000 A1020000 		.4byte	0x2a1
  47 0004 0400     		.2byte	0x4
  48 0006 00000000 		.4byte	.Ldebug_abbrev0
  49 000a 04       		.byte	0x4
  50 000b 01       		.uleb128 0x1
  51 000c 32080000 		.4byte	.LASF75
  52 0010 01       		.byte	0x1
  53 0011 61030000 		.4byte	.LASF76
  54 0015 66060000 		.4byte	.LASF77
  55 0019 00000000 		.4byte	.Ldebug_line0
  56 001d 02       		.uleb128 0x2
  57 001e 01       		.byte	0x1
ARM GAS  C:\Users\PAVAND~1\AppData\Local\Temp\cc763w4s.s 			page 2


  58 001f 06       		.byte	0x6
  59 0020 36040000 		.4byte	.LASF0
  60 0024 02       		.uleb128 0x2
  61 0025 01       		.byte	0x1
  62 0026 08       		.byte	0x8
  63 0027 EB030000 		.4byte	.LASF1
  64 002b 02       		.uleb128 0x2
  65 002c 02       		.byte	0x2
  66 002d 05       		.byte	0x5
  67 002e 8D000000 		.4byte	.LASF2
  68 0032 02       		.uleb128 0x2
  69 0033 02       		.byte	0x2
  70 0034 07       		.byte	0x7
  71 0035 2E050000 		.4byte	.LASF3
  72 0039 02       		.uleb128 0x2
  73 003a 04       		.byte	0x4
  74 003b 05       		.byte	0x5
  75 003c 8D020000 		.4byte	.LASF4
  76 0040 02       		.uleb128 0x2
  77 0041 04       		.byte	0x4
  78 0042 07       		.byte	0x7
  79 0043 C7040000 		.4byte	.LASF5
  80 0047 02       		.uleb128 0x2
  81 0048 08       		.byte	0x8
  82 0049 05       		.byte	0x5
  83 004a 53020000 		.4byte	.LASF6
  84 004e 02       		.uleb128 0x2
  85 004f 08       		.byte	0x8
  86 0050 07       		.byte	0x7
  87 0051 61020000 		.4byte	.LASF7
  88 0055 03       		.uleb128 0x3
  89 0056 04       		.byte	0x4
  90 0057 05       		.byte	0x5
  91 0058 696E7400 		.ascii	"int\000"
  92 005c 02       		.uleb128 0x2
  93 005d 04       		.byte	0x4
  94 005e 07       		.byte	0x7
  95 005f 9F040000 		.4byte	.LASF8
  96 0063 04       		.uleb128 0x4
  97 0064 59010000 		.4byte	.LASF67
  98 0068 01       		.byte	0x1
  99 0069 A2       		.byte	0xa2
 100 006a 32000000 		.4byte	0x32
 101 006e 02       		.uleb128 0x2
 102 006f 04       		.byte	0x4
 103 0070 04       		.byte	0x4
 104 0071 1A020000 		.4byte	.LASF9
 105 0075 02       		.uleb128 0x2
 106 0076 08       		.byte	0x8
 107 0077 04       		.byte	0x4
 108 0078 3C060000 		.4byte	.LASF10
 109 007c 02       		.uleb128 0x2
 110 007d 01       		.byte	0x1
 111 007e 08       		.byte	0x8
 112 007f 6A050000 		.4byte	.LASF11
 113 0083 02       		.uleb128 0x2
 114 0084 04       		.byte	0x4
ARM GAS  C:\Users\PAVAND~1\AppData\Local\Temp\cc763w4s.s 			page 3


 115 0085 07       		.byte	0x7
 116 0086 CF000000 		.4byte	.LASF12
 117 008a 05       		.uleb128 0x5
 118 008b 01       		.byte	0x1
 119 008c 04       		.byte	0x4
 120 008d 58       		.byte	0x58
 121 008e FA010000 		.4byte	0x1fa
 122 0092 06       		.uleb128 0x6
 123 0093 C4010000 		.4byte	.LASF13
 124 0097 00       		.sleb128 0
 125 0098 06       		.uleb128 0x6
 126 0099 28010000 		.4byte	.LASF14
 127 009d 01       		.sleb128 1
 128 009e 06       		.uleb128 0x6
 129 009f B3070000 		.4byte	.LASF15
 130 00a3 02       		.sleb128 2
 131 00a4 06       		.uleb128 0x6
 132 00a5 AA060000 		.4byte	.LASF16
 133 00a9 03       		.sleb128 3
 134 00aa 06       		.uleb128 0x6
 135 00ab F2000000 		.4byte	.LASF17
 136 00af 04       		.sleb128 4
 137 00b0 06       		.uleb128 0x6
 138 00b1 1F030000 		.4byte	.LASF18
 139 00b5 05       		.sleb128 5
 140 00b6 06       		.uleb128 0x6
 141 00b7 08070000 		.4byte	.LASF19
 142 00bb 20       		.sleb128 32
 143 00bc 06       		.uleb128 0x6
 144 00bd D9040000 		.4byte	.LASF20
 145 00c1 21       		.sleb128 33
 146 00c2 06       		.uleb128 0x6
 147 00c3 00000000 		.4byte	.LASF21
 148 00c7 22       		.sleb128 34
 149 00c8 06       		.uleb128 0x6
 150 00c9 3B030000 		.4byte	.LASF22
 151 00cd 23       		.sleb128 35
 152 00ce 06       		.uleb128 0x6
 153 00cf 83040000 		.4byte	.LASF23
 154 00d3 24       		.sleb128 36
 155 00d4 06       		.uleb128 0x6
 156 00d5 97000000 		.4byte	.LASF24
 157 00d9 25       		.sleb128 37
 158 00da 06       		.uleb128 0x6
 159 00db D6020000 		.4byte	.LASF25
 160 00df 26       		.sleb128 38
 161 00e0 06       		.uleb128 0x6
 162 00e1 B7020000 		.4byte	.LASF26
 163 00e5 27       		.sleb128 39
 164 00e6 06       		.uleb128 0x6
 165 00e7 59000000 		.4byte	.LASF27
 166 00eb 28       		.sleb128 40
 167 00ec 06       		.uleb128 0x6
 168 00ed 11050000 		.4byte	.LASF28
 169 00f1 29       		.sleb128 41
 170 00f2 06       		.uleb128 0x6
 171 00f3 41050000 		.4byte	.LASF29
ARM GAS  C:\Users\PAVAND~1\AppData\Local\Temp\cc763w4s.s 			page 4


 172 00f7 2A       		.sleb128 42
 173 00f8 06       		.uleb128 0x6
 174 00f9 DC050000 		.4byte	.LASF30
 175 00fd 2B       		.sleb128 43
 176 00fe 06       		.uleb128 0x6
 177 00ff 60010000 		.4byte	.LASF31
 178 0103 2C       		.sleb128 44
 179 0104 06       		.uleb128 0x6
 180 0105 D8000000 		.4byte	.LASF32
 181 0109 C000     		.sleb128 64
 182 010b 06       		.uleb128 0x6
 183 010c AC040000 		.4byte	.LASF33
 184 0110 C100     		.sleb128 65
 185 0112 06       		.uleb128 0x6
 186 0113 B1000000 		.4byte	.LASF34
 187 0117 C200     		.sleb128 66
 188 0119 06       		.uleb128 0x6
 189 011a 3B010000 		.4byte	.LASF35
 190 011e C300     		.sleb128 67
 191 0120 06       		.uleb128 0x6
 192 0121 71070000 		.4byte	.LASF36
 193 0125 C400     		.sleb128 68
 194 0127 06       		.uleb128 0x6
 195 0128 2C070000 		.4byte	.LASF37
 196 012c C500     		.sleb128 69
 197 012e 06       		.uleb128 0x6
 198 012f 07010000 		.4byte	.LASF38
 199 0133 C600     		.sleb128 70
 200 0135 06       		.uleb128 0x6
 201 0136 18040000 		.4byte	.LASF39
 202 013a C700     		.sleb128 71
 203 013c 06       		.uleb128 0x6
 204 013d 5C040000 		.4byte	.LASF40
 205 0141 C800     		.sleb128 72
 206 0143 06       		.uleb128 0x6
 207 0144 20020000 		.4byte	.LASF41
 208 0148 C900     		.sleb128 73
 209 014a 06       		.uleb128 0x6
 210 014b 9F050000 		.4byte	.LASF42
 211 014f CA00     		.sleb128 74
 212 0151 06       		.uleb128 0x6
 213 0152 84010000 		.4byte	.LASF43
 214 0156 CB00     		.sleb128 75
 215 0158 06       		.uleb128 0x6
 216 0159 42040000 		.4byte	.LASF44
 217 015d CC00     		.sleb128 76
 218 015f 06       		.uleb128 0x6
 219 0160 39020000 		.4byte	.LASF45
 220 0164 CD00     		.sleb128 77
 221 0166 06       		.uleb128 0x6
 222 0167 53070000 		.4byte	.LASF46
 223 016b CE00     		.sleb128 78
 224 016d 06       		.uleb128 0x6
 225 016e F9030000 		.4byte	.LASF47
 226 0172 CF00     		.sleb128 79
 227 0174 06       		.uleb128 0x6
 228 0175 C5070000 		.4byte	.LASF48
ARM GAS  C:\Users\PAVAND~1\AppData\Local\Temp\cc763w4s.s 			page 5


 229 0179 D000     		.sleb128 80
 230 017b 06       		.uleb128 0x6
 231 017c BD050000 		.4byte	.LASF49
 232 0180 D100     		.sleb128 81
 233 0182 06       		.uleb128 0x6
 234 0183 FE020000 		.4byte	.LASF50
 235 0187 D200     		.sleb128 82
 236 0189 06       		.uleb128 0x6
 237 018a 96020000 		.4byte	.LASF51
 238 018e D300     		.sleb128 83
 239 0190 06       		.uleb128 0x6
 240 0191 A3010000 		.4byte	.LASF52
 241 0195 D400     		.sleb128 84
 242 0197 06       		.uleb128 0x6
 243 0198 0E080000 		.4byte	.LASF53
 244 019c D500     		.sleb128 85
 245 019e 06       		.uleb128 0x6
 246 019f C5030000 		.4byte	.LASF54
 247 01a3 F000     		.sleb128 112
 248 01a5 06       		.uleb128 0x6
 249 01a6 E2060000 		.4byte	.LASF55
 250 01aa F100     		.sleb128 113
 251 01ac 06       		.uleb128 0x6
 252 01ad 6F050000 		.4byte	.LASF56
 253 01b1 F200     		.sleb128 114
 254 01b3 06       		.uleb128 0x6
 255 01b4 DB010000 		.4byte	.LASF57
 256 01b8 F300     		.sleb128 115
 257 01ba 06       		.uleb128 0x6
 258 01bb 99030000 		.4byte	.LASF58
 259 01bf F400     		.sleb128 116
 260 01c1 06       		.uleb128 0x6
 261 01c2 F0040000 		.4byte	.LASF59
 262 01c6 F500     		.sleb128 117
 263 01c8 06       		.uleb128 0x6
 264 01c9 F9010000 		.4byte	.LASF60
 265 01cd F600     		.sleb128 118
 266 01cf 06       		.uleb128 0x6
 267 01d0 C3060000 		.4byte	.LASF61
 268 01d4 F700     		.sleb128 119
 269 01d6 06       		.uleb128 0x6
 270 01d7 19060000 		.4byte	.LASF62
 271 01db F800     		.sleb128 120
 272 01dd 06       		.uleb128 0x6
 273 01de 43060000 		.4byte	.LASF63
 274 01e2 F900     		.sleb128 121
 275 01e4 06       		.uleb128 0x6
 276 01e5 8F070000 		.4byte	.LASF64
 277 01e9 FA00     		.sleb128 122
 278 01eb 06       		.uleb128 0x6
 279 01ec FB050000 		.4byte	.LASF65
 280 01f0 FA01     		.sleb128 250
 281 01f2 06       		.uleb128 0x6
 282 01f3 B7030000 		.4byte	.LASF66
 283 01f7 FF01     		.sleb128 255
 284 01f9 00       		.byte	0
 285 01fa 07       		.uleb128 0x7
ARM GAS  C:\Users\PAVAND~1\AppData\Local\Temp\cc763w4s.s 			page 6


 286 01fb E4070000 		.4byte	.LASF68
 287 01ff 02       		.byte	0x2
 288 0200 5201     		.2byte	0x152
 289 0202 63000000 		.4byte	0x63
 290 0206 08       		.uleb128 0x8
 291 0207 06       		.byte	0x6
 292 0208 03       		.byte	0x3
 293 0209 3E       		.byte	0x3e
 294 020a 27020000 		.4byte	0x227
 295 020e 09       		.uleb128 0x9
 296 020f 24000000 		.4byte	.LASF69
 297 0213 03       		.byte	0x3
 298 0214 41       		.byte	0x41
 299 0215 FA010000 		.4byte	0x1fa
 300 0219 00       		.byte	0
 301 021a 09       		.uleb128 0x9
 302 021b 3C000000 		.4byte	.LASF70
 303 021f 03       		.byte	0x3
 304 0220 43       		.byte	0x43
 305 0221 27020000 		.4byte	0x227
 306 0225 02       		.byte	0x2
 307 0226 00       		.byte	0
 308 0227 0A       		.uleb128 0xa
 309 0228 FA010000 		.4byte	0x1fa
 310 022c 37020000 		.4byte	0x237
 311 0230 0B       		.uleb128 0xb
 312 0231 83000000 		.4byte	0x83
 313 0235 01       		.byte	0x1
 314 0236 00       		.byte	0
 315 0237 04       		.uleb128 0x4
 316 0238 78020000 		.4byte	.LASF71
 317 023c 03       		.byte	0x3
 318 023d 44       		.byte	0x44
 319 023e 06020000 		.4byte	0x206
 320 0242 08       		.uleb128 0x8
 321 0243 0E       		.byte	0xe
 322 0244 03       		.byte	0x3
 323 0245 47       		.byte	0x47
 324 0246 63020000 		.4byte	0x263
 325 024a 09       		.uleb128 0x9
 326 024b 8B050000 		.4byte	.LASF72
 327 024f 03       		.byte	0x3
 328 0250 4A       		.byte	0x4a
 329 0251 FA010000 		.4byte	0x1fa
 330 0255 00       		.byte	0
 331 0256 09       		.uleb128 0x9
 332 0257 7B000000 		.4byte	.LASF73
 333 025b 03       		.byte	0x3
 334 025c 4D       		.byte	0x4d
 335 025d 63020000 		.4byte	0x263
 336 0261 02       		.byte	0x2
 337 0262 00       		.byte	0
 338 0263 0A       		.uleb128 0xa
 339 0264 37020000 		.4byte	0x237
 340 0268 73020000 		.4byte	0x273
 341 026c 0B       		.uleb128 0xb
 342 026d 83000000 		.4byte	0x83
ARM GAS  C:\Users\PAVAND~1\AppData\Local\Temp\cc763w4s.s 			page 7


 343 0271 01       		.byte	0x1
 344 0272 00       		.byte	0
 345 0273 04       		.uleb128 0x4
 346 0274 89030000 		.4byte	.LASF74
 347 0278 03       		.byte	0x3
 348 0279 4E       		.byte	0x4e
 349 027a 42020000 		.4byte	0x242
 350 027e 0A       		.uleb128 0xa
 351 027f 73020000 		.4byte	0x273
 352 0283 8E020000 		.4byte	0x28e
 353 0287 0B       		.uleb128 0xb
 354 0288 83000000 		.4byte	0x83
 355 028c 01       		.byte	0x1
 356 028d 00       		.byte	0
 357 028e 0C       		.uleb128 0xc
 358 028f 00080000 		.4byte	.LASF78
 359 0293 05       		.byte	0x5
 360 0294 19       		.byte	0x19
 361 0295 9F020000 		.4byte	0x29f
 362 0299 05       		.uleb128 0x5
 363 029a 03       		.byte	0x3
 364 029b 00000000 		.4byte	cyBle_customs
 365 029f 0D       		.uleb128 0xd
 366 02a0 7E020000 		.4byte	0x27e
 367 02a4 00       		.byte	0
 368              		.section	.debug_abbrev,"",%progbits
 369              	.Ldebug_abbrev0:
 370 0000 01       		.uleb128 0x1
 371 0001 11       		.uleb128 0x11
 372 0002 01       		.byte	0x1
 373 0003 25       		.uleb128 0x25
 374 0004 0E       		.uleb128 0xe
 375 0005 13       		.uleb128 0x13
 376 0006 0B       		.uleb128 0xb
 377 0007 03       		.uleb128 0x3
 378 0008 0E       		.uleb128 0xe
 379 0009 1B       		.uleb128 0x1b
 380 000a 0E       		.uleb128 0xe
 381 000b 10       		.uleb128 0x10
 382 000c 17       		.uleb128 0x17
 383 000d 00       		.byte	0
 384 000e 00       		.byte	0
 385 000f 02       		.uleb128 0x2
 386 0010 24       		.uleb128 0x24
 387 0011 00       		.byte	0
 388 0012 0B       		.uleb128 0xb
 389 0013 0B       		.uleb128 0xb
 390 0014 3E       		.uleb128 0x3e
 391 0015 0B       		.uleb128 0xb
 392 0016 03       		.uleb128 0x3
 393 0017 0E       		.uleb128 0xe
 394 0018 00       		.byte	0
 395 0019 00       		.byte	0
 396 001a 03       		.uleb128 0x3
 397 001b 24       		.uleb128 0x24
 398 001c 00       		.byte	0
 399 001d 0B       		.uleb128 0xb
ARM GAS  C:\Users\PAVAND~1\AppData\Local\Temp\cc763w4s.s 			page 8


 400 001e 0B       		.uleb128 0xb
 401 001f 3E       		.uleb128 0x3e
 402 0020 0B       		.uleb128 0xb
 403 0021 03       		.uleb128 0x3
 404 0022 08       		.uleb128 0x8
 405 0023 00       		.byte	0
 406 0024 00       		.byte	0
 407 0025 04       		.uleb128 0x4
 408 0026 16       		.uleb128 0x16
 409 0027 00       		.byte	0
 410 0028 03       		.uleb128 0x3
 411 0029 0E       		.uleb128 0xe
 412 002a 3A       		.uleb128 0x3a
 413 002b 0B       		.uleb128 0xb
 414 002c 3B       		.uleb128 0x3b
 415 002d 0B       		.uleb128 0xb
 416 002e 49       		.uleb128 0x49
 417 002f 13       		.uleb128 0x13
 418 0030 00       		.byte	0
 419 0031 00       		.byte	0
 420 0032 05       		.uleb128 0x5
 421 0033 04       		.uleb128 0x4
 422 0034 01       		.byte	0x1
 423 0035 0B       		.uleb128 0xb
 424 0036 0B       		.uleb128 0xb
 425 0037 3A       		.uleb128 0x3a
 426 0038 0B       		.uleb128 0xb
 427 0039 3B       		.uleb128 0x3b
 428 003a 0B       		.uleb128 0xb
 429 003b 01       		.uleb128 0x1
 430 003c 13       		.uleb128 0x13
 431 003d 00       		.byte	0
 432 003e 00       		.byte	0
 433 003f 06       		.uleb128 0x6
 434 0040 28       		.uleb128 0x28
 435 0041 00       		.byte	0
 436 0042 03       		.uleb128 0x3
 437 0043 0E       		.uleb128 0xe
 438 0044 1C       		.uleb128 0x1c
 439 0045 0D       		.uleb128 0xd
 440 0046 00       		.byte	0
 441 0047 00       		.byte	0
 442 0048 07       		.uleb128 0x7
 443 0049 16       		.uleb128 0x16
 444 004a 00       		.byte	0
 445 004b 03       		.uleb128 0x3
 446 004c 0E       		.uleb128 0xe
 447 004d 3A       		.uleb128 0x3a
 448 004e 0B       		.uleb128 0xb
 449 004f 3B       		.uleb128 0x3b
 450 0050 05       		.uleb128 0x5
 451 0051 49       		.uleb128 0x49
 452 0052 13       		.uleb128 0x13
 453 0053 00       		.byte	0
 454 0054 00       		.byte	0
 455 0055 08       		.uleb128 0x8
 456 0056 13       		.uleb128 0x13
ARM GAS  C:\Users\PAVAND~1\AppData\Local\Temp\cc763w4s.s 			page 9


 457 0057 01       		.byte	0x1
 458 0058 0B       		.uleb128 0xb
 459 0059 0B       		.uleb128 0xb
 460 005a 3A       		.uleb128 0x3a
 461 005b 0B       		.uleb128 0xb
 462 005c 3B       		.uleb128 0x3b
 463 005d 0B       		.uleb128 0xb
 464 005e 01       		.uleb128 0x1
 465 005f 13       		.uleb128 0x13
 466 0060 00       		.byte	0
 467 0061 00       		.byte	0
 468 0062 09       		.uleb128 0x9
 469 0063 0D       		.uleb128 0xd
 470 0064 00       		.byte	0
 471 0065 03       		.uleb128 0x3
 472 0066 0E       		.uleb128 0xe
 473 0067 3A       		.uleb128 0x3a
 474 0068 0B       		.uleb128 0xb
 475 0069 3B       		.uleb128 0x3b
 476 006a 0B       		.uleb128 0xb
 477 006b 49       		.uleb128 0x49
 478 006c 13       		.uleb128 0x13
 479 006d 38       		.uleb128 0x38
 480 006e 0B       		.uleb128 0xb
 481 006f 00       		.byte	0
 482 0070 00       		.byte	0
 483 0071 0A       		.uleb128 0xa
 484 0072 01       		.uleb128 0x1
 485 0073 01       		.byte	0x1
 486 0074 49       		.uleb128 0x49
 487 0075 13       		.uleb128 0x13
 488 0076 01       		.uleb128 0x1
 489 0077 13       		.uleb128 0x13
 490 0078 00       		.byte	0
 491 0079 00       		.byte	0
 492 007a 0B       		.uleb128 0xb
 493 007b 21       		.uleb128 0x21
 494 007c 00       		.byte	0
 495 007d 49       		.uleb128 0x49
 496 007e 13       		.uleb128 0x13
 497 007f 2F       		.uleb128 0x2f
 498 0080 0B       		.uleb128 0xb
 499 0081 00       		.byte	0
 500 0082 00       		.byte	0
 501 0083 0C       		.uleb128 0xc
 502 0084 34       		.uleb128 0x34
 503 0085 00       		.byte	0
 504 0086 03       		.uleb128 0x3
 505 0087 0E       		.uleb128 0xe
 506 0088 3A       		.uleb128 0x3a
 507 0089 0B       		.uleb128 0xb
 508 008a 3B       		.uleb128 0x3b
 509 008b 0B       		.uleb128 0xb
 510 008c 49       		.uleb128 0x49
 511 008d 13       		.uleb128 0x13
 512 008e 3F       		.uleb128 0x3f
 513 008f 19       		.uleb128 0x19
ARM GAS  C:\Users\PAVAND~1\AppData\Local\Temp\cc763w4s.s 			page 10


 514 0090 02       		.uleb128 0x2
 515 0091 18       		.uleb128 0x18
 516 0092 00       		.byte	0
 517 0093 00       		.byte	0
 518 0094 0D       		.uleb128 0xd
 519 0095 26       		.uleb128 0x26
 520 0096 00       		.byte	0
 521 0097 49       		.uleb128 0x49
 522 0098 13       		.uleb128 0x13
 523 0099 00       		.byte	0
 524 009a 00       		.byte	0
 525 009b 00       		.byte	0
 526              		.section	.debug_aranges,"",%progbits
 527 0000 14000000 		.4byte	0x14
 528 0004 0200     		.2byte	0x2
 529 0006 00000000 		.4byte	.Ldebug_info0
 530 000a 04       		.byte	0x4
 531 000b 00       		.byte	0
 532 000c 0000     		.2byte	0
 533 000e 0000     		.2byte	0
 534 0010 00000000 		.4byte	0
 535 0014 00000000 		.4byte	0
 536              		.section	.debug_line,"",%progbits
 537              	.Ldebug_line0:
 538 0000 89000000 		.section	.debug_str,"MS",%progbits,1
 538      02008300 
 538      00000201 
 538      FB0E0D00 
 538      01010101 
 539              	.LASF21:
 540 0000 4359424C 		.ascii	"CYBLE_EVT_GAP_PASSKEY_ENTRY_REQUEST\000"
 540      455F4556 
 540      545F4741 
 540      505F5041 
 540      53534B45 
 541              	.LASF69:
 542 0024 63757374 		.ascii	"customServiceCharHandle\000"
 542      6F6D5365 
 542      72766963 
 542      65436861 
 542      7248616E 
 543              	.LASF70:
 544 003c 63757374 		.ascii	"customServiceCharDescriptors\000"
 544      6F6D5365 
 544      72766963 
 544      65436861 
 544      72446573 
 545              	.LASF27:
 546 0059 4359424C 		.ascii	"CYBLE_EVT_GAP_DEVICE_DISCONNECTED\000"
 546      455F4556 
 546      545F4741 
 546      505F4445 
 546      56494345 
 547              	.LASF73:
 548 007b 63757374 		.ascii	"customServiceInfo\000"
 548      6F6D5365 
 548      72766963 
ARM GAS  C:\Users\PAVAND~1\AppData\Local\Temp\cc763w4s.s 			page 11


 548      65496E66 
 548      6F00
 549              	.LASF2:
 550 008d 73686F72 		.ascii	"short int\000"
 550      7420696E 
 550      7400
 551              	.LASF24:
 552 0097 4359424C 		.ascii	"CYBLE_EVT_GAP_AUTH_FAILED\000"
 552      455F4556 
 552      545F4741 
 552      505F4155 
 552      54485F46 
 553              	.LASF34:
 554 00b1 4359424C 		.ascii	"CYBLE_EVT_GATT_DISCONNECT_IND\000"
 554      455F4556 
 554      545F4741 
 554      54545F44 
 554      4953434F 
 555              	.LASF12:
 556 00cf 73697A65 		.ascii	"sizetype\000"
 556      74797065 
 556      00
 557              	.LASF32:
 558 00d8 4359424C 		.ascii	"CYBLE_EVT_GATTC_ERROR_RSP\000"
 558      455F4556 
 558      545F4741 
 558      5454435F 
 558      4552524F 
 559              	.LASF17:
 560 00f2 4359424C 		.ascii	"CYBLE_EVT_HCI_STATUS\000"
 560      455F4556 
 560      545F4843 
 560      495F5354 
 560      41545553 
 561              	.LASF38:
 562 0107 4359424C 		.ascii	"CYBLE_EVT_GATTC_READ_BY_TYPE_RSP\000"
 562      455F4556 
 562      545F4741 
 562      5454435F 
 562      52454144 
 563              	.LASF14:
 564 0128 4359424C 		.ascii	"CYBLE_EVT_STACK_ON\000"
 564      455F4556 
 564      545F5354 
 564      41434B5F 
 564      4F4E00
 565              	.LASF35:
 566 013b 4359424C 		.ascii	"CYBLE_EVT_GATTS_XCNHG_MTU_REQ\000"
 566      455F4556 
 566      545F4741 
 566      5454535F 
 566      58434E48 
 567              	.LASF67:
 568 0159 75696E74 		.ascii	"uint16\000"
 568      313600
 569              	.LASF31:
 570 0160 4359424C 		.ascii	"CYBLE_EVT_GAP_KEYINFO_EXCHNGE_CMPLT\000"
ARM GAS  C:\Users\PAVAND~1\AppData\Local\Temp\cc763w4s.s 			page 12


 570      455F4556 
 570      545F4741 
 570      505F4B45 
 570      59494E46 
 571              	.LASF43:
 572 0184 4359424C 		.ascii	"CYBLE_EVT_GATTC_READ_MULTI_RSP\000"
 572      455F4556 
 572      545F4741 
 572      5454435F 
 572      52454144 
 573              	.LASF52:
 574 01a3 4359424C 		.ascii	"CYBLE_EVT_GATTS_HANDLE_VALUE_CNF\000"
 574      455F4556 
 574      545F4741 
 574      5454535F 
 574      48414E44 
 575              	.LASF13:
 576 01c4 4359424C 		.ascii	"CYBLE_EVT_HOST_INVALID\000"
 576      455F4556 
 576      545F484F 
 576      53545F49 
 576      4E56414C 
 577              	.LASF57:
 578 01db 4359424C 		.ascii	"CYBLE_EVT_L2CAP_CBFC_CONN_IND\000"
 578      455F4556 
 578      545F4C32 
 578      4341505F 
 578      43424643 
 579              	.LASF60:
 580 01f9 4359424C 		.ascii	"CYBLE_EVT_L2CAP_CBFC_DISCONN_CNF\000"
 580      455F4556 
 580      545F4C32 
 580      4341505F 
 580      43424643 
 581              	.LASF9:
 582 021a 666C6F61 		.ascii	"float\000"
 582      7400
 583              	.LASF41:
 584 0220 4359424C 		.ascii	"CYBLE_EVT_GATTC_READ_RSP\000"
 584      455F4556 
 584      545F4741 
 584      5454435F 
 584      52454144 
 585              	.LASF45:
 586 0239 4359424C 		.ascii	"CYBLE_EVT_GATTC_WRITE_RSP\000"
 586      455F4556 
 586      545F4741 
 586      5454435F 
 586      57524954 
 587              	.LASF6:
 588 0253 6C6F6E67 		.ascii	"long long int\000"
 588      206C6F6E 
 588      6720696E 
 588      7400
 589              	.LASF7:
 590 0261 6C6F6E67 		.ascii	"long long unsigned int\000"
 590      206C6F6E 
ARM GAS  C:\Users\PAVAND~1\AppData\Local\Temp\cc763w4s.s 			page 13


 590      6720756E 
 590      7369676E 
 590      65642069 
 591              	.LASF71:
 592 0278 4359424C 		.ascii	"CYBLE_CUSTOMS_INFO_T\000"
 592      455F4355 
 592      53544F4D 
 592      535F494E 
 592      464F5F54 
 593              	.LASF4:
 594 028d 6C6F6E67 		.ascii	"long int\000"
 594      20696E74 
 594      00
 595              	.LASF51:
 596 0296 4359424C 		.ascii	"CYBLE_EVT_GATTC_HANDLE_VALUE_IND\000"
 596      455F4556 
 596      545F4741 
 596      5454435F 
 596      48414E44 
 597              	.LASF26:
 598 02b7 4359424C 		.ascii	"CYBLE_EVT_GAP_DEVICE_CONNECTED\000"
 598      455F4556 
 598      545F4741 
 598      505F4445 
 598      56494345 
 599              	.LASF25:
 600 02d6 4359424C 		.ascii	"CYBLE_EVT_GAPP_ADVERTISEMENT_START_STOP\000"
 600      455F4556 
 600      545F4741 
 600      50505F41 
 600      44564552 
 601              	.LASF50:
 602 02fe 4359424C 		.ascii	"CYBLE_EVT_GATTC_HANDLE_VALUE_NTF\000"
 602      455F4556 
 602      545F4741 
 602      5454435F 
 602      48414E44 
 603              	.LASF18:
 604 031f 4359424C 		.ascii	"CYBLE_EVT_STACK_BUSY_STATUS\000"
 604      455F4556 
 604      545F5354 
 604      41434B5F 
 604      42555359 
 605              	.LASF22:
 606 033b 4359424C 		.ascii	"CYBLE_EVT_GAP_PASSKEY_DISPLAY_REQUEST\000"
 606      455F4556 
 606      545F4741 
 606      505F5041 
 606      53534B45 
 607              	.LASF76:
 608 0361 2E5C4765 		.ascii	".\\Generated_Source\\PSoC4\\BLE_1_custom.c\000"
 608      6E657261 
 608      7465645F 
 608      536F7572 
 608      63655C50 
 609              	.LASF74:
 610 0389 4359424C 		.ascii	"CYBLE_CUSTOMS_T\000"
ARM GAS  C:\Users\PAVAND~1\AppData\Local\Temp\cc763w4s.s 			page 14


 610      455F4355 
 610      53544F4D 
 610      535F5400 
 611              	.LASF58:
 612 0399 4359424C 		.ascii	"CYBLE_EVT_L2CAP_CBFC_CONN_CNF\000"
 612      455F4556 
 612      545F4C32 
 612      4341505F 
 612      43424643 
 613              	.LASF66:
 614 03b7 4359424C 		.ascii	"CYBLE_EVT_MAX\000"
 614      455F4556 
 614      545F4D41 
 614      5800
 615              	.LASF54:
 616 03c5 4359424C 		.ascii	"CYBLE_EVT_L2CAP_CONN_PARAM_UPDATE_REQ\000"
 616      455F4556 
 616      545F4C32 
 616      4341505F 
 616      434F4E4E 
 617              	.LASF1:
 618 03eb 756E7369 		.ascii	"unsigned char\000"
 618      676E6564 
 618      20636861 
 618      7200
 619              	.LASF47:
 620 03f9 4359424C 		.ascii	"CYBLE_EVT_GATTS_PREP_WRITE_REQ\000"
 620      455F4556 
 620      545F4741 
 620      5454535F 
 620      50524550 
 621              	.LASF39:
 622 0418 4359424C 		.ascii	"CYBLE_EVT_GATTC_FIND_INFO_RSP\000"
 622      455F4556 
 622      545F4741 
 622      5454435F 
 622      46494E44 
 623              	.LASF0:
 624 0436 7369676E 		.ascii	"signed char\000"
 624      65642063 
 624      68617200 
 625              	.LASF44:
 626 0442 4359424C 		.ascii	"CYBLE_EVT_GATTS_WRITE_REQ\000"
 626      455F4556 
 626      545F4741 
 626      5454535F 
 626      57524954 
 627              	.LASF40:
 628 045c 4359424C 		.ascii	"CYBLE_EVT_GATTC_FIND_BY_TYPE_VALUE_RSP\000"
 628      455F4556 
 628      545F4741 
 628      5454435F 
 628      46494E44 
 629              	.LASF23:
 630 0483 4359424C 		.ascii	"CYBLE_EVT_GAP_AUTH_COMPLETE\000"
 630      455F4556 
 630      545F4741 
ARM GAS  C:\Users\PAVAND~1\AppData\Local\Temp\cc763w4s.s 			page 15


 630      505F4155 
 630      54485F43 
 631              	.LASF8:
 632 049f 756E7369 		.ascii	"unsigned int\000"
 632      676E6564 
 632      20696E74 
 632      00
 633              	.LASF33:
 634 04ac 4359424C 		.ascii	"CYBLE_EVT_GATT_CONNECT_IND\000"
 634      455F4556 
 634      545F4741 
 634      54545F43 
 634      4F4E4E45 
 635              	.LASF5:
 636 04c7 6C6F6E67 		.ascii	"long unsigned int\000"
 636      20756E73 
 636      69676E65 
 636      6420696E 
 636      7400
 637              	.LASF20:
 638 04d9 4359424C 		.ascii	"CYBLE_EVT_GAP_AUTH_REQ\000"
 638      455F4556 
 638      545F4741 
 638      505F4155 
 638      54485F52 
 639              	.LASF59:
 640 04f0 4359424C 		.ascii	"CYBLE_EVT_L2CAP_CBFC_DISCONN_IND\000"
 640      455F4556 
 640      545F4C32 
 640      4341505F 
 640      43424643 
 641              	.LASF28:
 642 0511 4359424C 		.ascii	"CYBLE_EVT_GAP_ENCRYPT_CHANGE\000"
 642      455F4556 
 642      545F4741 
 642      505F454E 
 642      43525950 
 643              	.LASF3:
 644 052e 73686F72 		.ascii	"short unsigned int\000"
 644      7420756E 
 644      7369676E 
 644      65642069 
 644      6E7400
 645              	.LASF29:
 646 0541 4359424C 		.ascii	"CYBLE_EVT_GAP_CONNECTION_UPDATE_COMPLETE\000"
 646      455F4556 
 646      545F4741 
 646      505F434F 
 646      4E4E4543 
 647              	.LASF11:
 648 056a 63686172 		.ascii	"char\000"
 648      00
 649              	.LASF56:
 650 056f 4359424C 		.ascii	"CYBLE_EVT_L2CAP_COMMAND_REJ\000"
 650      455F4556 
 650      545F4C32 
 650      4341505F 
ARM GAS  C:\Users\PAVAND~1\AppData\Local\Temp\cc763w4s.s 			page 16


 650      434F4D4D 
 651              	.LASF72:
 652 058b 63757374 		.ascii	"customServiceHandle\000"
 652      6F6D5365 
 652      72766963 
 652      6548616E 
 652      646C6500 
 653              	.LASF42:
 654 059f 4359424C 		.ascii	"CYBLE_EVT_GATTC_READ_BLOB_RSP\000"
 654      455F4556 
 654      545F4741 
 654      5454435F 
 654      52454144 
 655              	.LASF49:
 656 05bd 4359424C 		.ascii	"CYBLE_EVT_GATTC_EXEC_WRITE_RSP\000"
 656      455F4556 
 656      545F4741 
 656      5454435F 
 656      45584543 
 657              	.LASF30:
 658 05dc 4359424C 		.ascii	"CYBLE_EVT_GAPC_SCAN_START_STOP\000"
 658      455F4556 
 658      545F4741 
 658      50435F53 
 658      43414E5F 
 659              	.LASF65:
 660 05fb 4359424C 		.ascii	"CYBLE_EVT_PENDING_FLASH_WRITE\000"
 660      455F4556 
 660      545F5045 
 660      4E44494E 
 660      475F464C 
 661              	.LASF62:
 662 0619 4359424C 		.ascii	"CYBLE_EVT_L2CAP_CBFC_RX_CREDIT_IND\000"
 662      455F4556 
 662      545F4C32 
 662      4341505F 
 662      43424643 
 663              	.LASF10:
 664 063c 646F7562 		.ascii	"double\000"
 664      6C6500
 665              	.LASF63:
 666 0643 4359424C 		.ascii	"CYBLE_EVT_L2CAP_CBFC_TX_CREDIT_IND\000"
 666      455F4556 
 666      545F4C32 
 666      4341505F 
 666      43424643 
 667              	.LASF77:
 668 0666 433A5C55 		.ascii	"C:\\Users\\Pavandeep\\Documents\\PSoC Creator\\BLE "
 668      73657273 
 668      5C506176 
 668      616E6465 
 668      65705C44 
 669 0694 4C616220 		.ascii	"Lab 4\\BLE Lab 4.cydsn\000"
 669      345C424C 
 669      45204C61 
 669      6220342E 
 669      63796473 
ARM GAS  C:\Users\PAVAND~1\AppData\Local\Temp\cc763w4s.s 			page 17


 670              	.LASF16:
 671 06aa 4359424C 		.ascii	"CYBLE_EVT_HARDWARE_ERROR\000"
 671      455F4556 
 671      545F4841 
 671      52445741 
 671      52455F45 
 672              	.LASF61:
 673 06c3 4359424C 		.ascii	"CYBLE_EVT_L2CAP_CBFC_DATA_READ\000"
 673      455F4556 
 673      545F4C32 
 673      4341505F 
 673      43424643 
 674              	.LASF55:
 675 06e2 4359424C 		.ascii	"CYBLE_EVT_L2CAP_CONN_PARAM_UPDATE_RSP\000"
 675      455F4556 
 675      545F4C32 
 675      4341505F 
 675      434F4E4E 
 676              	.LASF19:
 677 0708 4359424C 		.ascii	"CYBLE_EVT_GAPC_SCAN_PROGRESS_RESULT\000"
 677      455F4556 
 677      545F4741 
 677      50435F53 
 677      43414E5F 
 678              	.LASF37:
 679 072c 4359424C 		.ascii	"CYBLE_EVT_GATTC_READ_BY_GROUP_TYPE_RSP\000"
 679      455F4556 
 679      545F4741 
 679      5454435F 
 679      52454144 
 680              	.LASF46:
 681 0753 4359424C 		.ascii	"CYBLE_EVT_GATTS_WRITE_CMD_REQ\000"
 681      455F4556 
 681      545F4741 
 681      5454535F 
 681      57524954 
 682              	.LASF36:
 683 0771 4359424C 		.ascii	"CYBLE_EVT_GATTC_XCHNG_MTU_RSP\000"
 683      455F4556 
 683      545F4741 
 683      5454435F 
 683      5843484E 
 684              	.LASF64:
 685 078f 4359424C 		.ascii	"CYBLE_EVT_L2CAP_CBFC_DATA_WRITE_IND\000"
 685      455F4556 
 685      545F4C32 
 685      4341505F 
 685      43424643 
 686              	.LASF15:
 687 07b3 4359424C 		.ascii	"CYBLE_EVT_TIMEOUT\000"
 687      455F4556 
 687      545F5449 
 687      4D454F55 
 687      5400
 688              	.LASF48:
 689 07c5 4359424C 		.ascii	"CYBLE_EVT_GATTS_EXEC_WRITE_REQ\000"
 689      455F4556 
ARM GAS  C:\Users\PAVAND~1\AppData\Local\Temp\cc763w4s.s 			page 18


 689      545F4741 
 689      5454535F 
 689      45584543 
 690              	.LASF68:
 691 07e4 4359424C 		.ascii	"CYBLE_GATT_DB_ATTR_HANDLE_T\000"
 691      455F4741 
 691      54545F44 
 691      425F4154 
 691      54525F48 
 692              	.LASF78:
 693 0800 6379426C 		.ascii	"cyBle_customs\000"
 693      655F6375 
 693      73746F6D 
 693      7300
 694              	.LASF53:
 695 080e 4359424C 		.ascii	"CYBLE_EVT_GATTS_DATA_SIGNED_CMD_REQ\000"
 695      455F4556 
 695      545F4741 
 695      5454535F 
 695      44415441 
 696              	.LASF75:
 697 0832 474E5520 		.ascii	"GNU C 4.8.4 20140526 (release) [ARM/embedded-4_8-br"
 697      4320342E 
 697      382E3420 
 697      32303134 
 697      30353236 
 698 0865 616E6368 		.ascii	"anch revision 211358] -mcpu=cortex-m0 -mthumb -g -O"
 698      20726576 
 698      6973696F 
 698      6E203231 
 698      31333538 
 699 0898 30202D66 		.ascii	"0 -ffunction-sections\000"
 699      66756E63 
 699      74696F6E 
 699      2D736563 
 699      74696F6E 
 700              		.ident	"GCC: (GNU Tools for ARM Embedded Processors) 4.8.4 20140526 (release) [ARM/embedded-4_8-br
