ARM GAS  C:\Users\PAVAND~1\AppData\Local\Temp\cce2IT1V.s 			page 1


   1              		.cpu cortex-m0
   2              		.fpu softvfp
   3              		.eabi_attribute 20, 1
   4              		.eabi_attribute 21, 1
   5              		.eabi_attribute 23, 3
   6              		.eabi_attribute 24, 1
   7              		.eabi_attribute 25, 1
   8              		.eabi_attribute 26, 1
   9              		.eabi_attribute 30, 6
  10              		.eabi_attribute 34, 0
  11              		.eabi_attribute 18, 4
  12              		.code	16
  13              		.file	"main.c"
  14              		.text
  15              	.Ltext0:
  16              		.cfi_sections	.debug_frame
  17              		.section	.text.main,"ax",%progbits
  18              		.align	2
  19              		.global	main
  20              		.code	16
  21              		.thumb_func
  22              		.type	main, %function
  23              	main:
  24              	.LFB35:
  25              		.file 1 ".\\main.c"
   1:.\main.c      **** /*****************************************************************************
   2:.\main.c      **** * Included headers
   3:.\main.c      **** *****************************************************************************/
   4:.\main.c      **** #include <main.h>
   5:.\main.c      **** #include <BLEApplications.h>
   6:.\main.c      **** #include <stdbool.h>
   7:.\main.c      **** #include <stdlib.h>
   8:.\main.c      **** 
   9:.\main.c      **** /*****************************************************************************
  10:.\main.c      **** * Function Prototypes
  11:.\main.c      **** *****************************************************************************/
  12:.\main.c      **** static void InitializeSystem(void);
  13:.\main.c      **** //static void HandleCapSenseSlider(void);
  14:.\main.c      **** static void HandleCapSenseProximity(void);
  15:.\main.c      **** 
  16:.\main.c      **** 
  17:.\main.c      **** int main()
  18:.\main.c      **** {
  26              		.loc 1 18 0
  27              		.cfi_startproc
  28 0000 90B5     		push	{r4, r7, lr}
  29              		.cfi_def_cfa_offset 12
  30              		.cfi_offset 4, -12
  31              		.cfi_offset 7, -8
  32              		.cfi_offset 14, -4
  33 0002 83B0     		sub	sp, sp, #12
  34              		.cfi_def_cfa_offset 24
  35 0004 00AF     		add	r7, sp, #0
  36              		.cfi_def_cfa_register 7
  19:.\main.c      ****     uint8 interruptStatus;
  20:.\main.c      ****     CYBLE_LP_MODE_T bleMode;
  21:.\main.c      ****     
ARM GAS  C:\Users\PAVAND~1\AppData\Local\Temp\cce2IT1V.s 			page 2


  22:.\main.c      ****     
  23:.\main.c      ****     /* This function will initialize the system resources such as BLE and CapSense */
  24:.\main.c      ****     InitializeSystem();
  37              		.loc 1 24 0
  38 0006 FFF7FEFF 		bl	InitializeSystem
  39              	.L5:
  25:.\main.c      ****      
  26:.\main.c      ****     for(;;)
  27:.\main.c      ****     {
  28:.\main.c      ****         /*Process event callback to handle BLE events. The events generated and 
  29:.\main.c      **** 		* used for this application are inside the 'CustomEventHandler' routine*/
  30:.\main.c      ****               
  31:.\main.c      ****         if(TRUE == deviceConnected)
  40              		.loc 1 31 0
  41 000a 174B     		ldr	r3, .L6
  42 000c 1B78     		ldrb	r3, [r3]
  43 000e 012B     		cmp	r3, #1
  44 0010 03D1     		bne	.L2
  32:.\main.c      **** 		{
  33:.\main.c      **** 			UpdateNotificationCCCD();
  45              		.loc 1 33 0
  46 0012 FFF7FEFF 		bl	UpdateNotificationCCCD
  34:.\main.c      ****             HandleCapSenseProximity();       
  47              		.loc 1 34 0
  48 0016 FFF7FEFF 		bl	HandleCapSenseProximity
  49              	.L2:
  35:.\main.c      ****             /* Send CapSense Slider data when respective notification is enabled */
  36:.\main.c      **** //			if(TRUE == sendCapSenseSliderNotifications)
  37:.\main.c      **** //			{
  38:.\main.c      **** //				HandleCapSenseSlider(); 
  39:.\main.c      **** //			}       
  40:.\main.c      ****         }
  41:.\main.c      ****          
  42:.\main.c      ****             bleMode = CyBle_EnterLPM(CYBLE_BLESS_DEEPSLEEP);
  50              		.loc 1 42 0
  51 001a FC1D     		add	r4, r7, #7
  52 001c 0320     		mov	r0, #3
  53 001e FFF7FEFF 		bl	CyBle_EnterLPM
  54 0022 031C     		mov	r3, r0
  55 0024 2370     		strb	r3, [r4]
  43:.\main.c      ****             
  44:.\main.c      ****             interruptStatus = CyEnterCriticalSection();
  56              		.loc 1 44 0
  57 0026 BC1D     		add	r4, r7, #6
  58 0028 FFF7FEFF 		bl	CyEnterCriticalSection
  59 002c 031C     		mov	r3, r0
  60 002e 2370     		strb	r3, [r4]
  45:.\main.c      ****         
  46:.\main.c      ****             if(CYBLE_BLESS_DEEPSLEEP == bleMode)
  61              		.loc 1 46 0
  62 0030 FB1D     		add	r3, r7, #7
  63 0032 1B78     		ldrb	r3, [r3]
  64 0034 032B     		cmp	r3, #3
  65 0036 07D1     		bne	.L3
  47:.\main.c      ****             {
  48:.\main.c      ****                 if((CyBle_GetBleSsState() == CYBLE_BLESS_STATE_ECO_ON) ||
  66              		.loc 1 48 0
ARM GAS  C:\Users\PAVAND~1\AppData\Local\Temp\cce2IT1V.s 			page 3


  67 0038 FFF7FEFF 		bl	CyBle_GetBleSsState
  68 003c 031C     		mov	r3, r0
  69 003e 042B     		cmp	r3, #4
  70 0040 09D0     		beq	.L4
  49:.\main.c      ****                    (CyBle_GetBleSsState() == CYBLE_BLESS_STATE_DEEPSLEEP))
  71              		.loc 1 49 0 discriminator 1
  72 0042 FFF7FEFF 		bl	CyBle_GetBleSsState
  73 0046 06E0     		b	.L4
  74              	.L3:
  50:.\main.c      ****                 {
  51:.\main.c      ****                         //CySysPmDeepSleep();
  52:.\main.c      ****                 }
  53:.\main.c      ****            }else{
  54:.\main.c      ****                 if(CyBle_GetBleSsState() != CYBLE_BLESS_STATE_EVENT_CLOSE)
  75              		.loc 1 54 0
  76 0048 FFF7FEFF 		bl	CyBle_GetBleSsState
  77 004c 031C     		mov	r3, r0
  78 004e 022B     		cmp	r3, #2
  79 0050 01D0     		beq	.L4
  55:.\main.c      ****                 {
  56:.\main.c      ****                     CySysPmSleep();
  80              		.loc 1 56 0
  81 0052 FFF7FEFF 		bl	CySysPmSleep
  82              	.L4:
  57:.\main.c      ****                 }
  58:.\main.c      ****             }
  59:.\main.c      ****             CyExitCriticalSection(interruptStatus);
  83              		.loc 1 59 0
  84 0056 BB1D     		add	r3, r7, #6
  85 0058 1B78     		ldrb	r3, [r3]
  86 005a 181C     		mov	r0, r3
  87 005c FFF7FEFF 		bl	CyExitCriticalSection
  60:.\main.c      ****              CyBle_ProcessEvents();
  88              		.loc 1 60 0
  89 0060 FFF7FEFF 		bl	CyBle_ProcessEvents
  61:.\main.c      ****         }
  90              		.loc 1 61 0
  91 0064 D1E7     		b	.L5
  92              	.L7:
  93 0066 C046     		.align	2
  94              	.L6:
  95 0068 00000000 		.word	deviceConnected
  96              		.cfi_endproc
  97              	.LFE35:
  98              		.size	main, .-main
  99              		.section	.text.InitializeSystem,"ax",%progbits
 100              		.align	2
 101              		.code	16
 102              		.thumb_func
 103              		.type	InitializeSystem, %function
 104              	InitializeSystem:
 105              	.LFB36:
  62:.\main.c      ****         if(enterHibernateFlag)
  63:.\main.c      ****         {
  64:.\main.c      ****             /* Stop the BLE component */
  65:.\main.c      ****             CyBle_Stop();
  66:.\main.c      ****             
ARM GAS  C:\Users\PAVAND~1\AppData\Local\Temp\cce2IT1V.s 			page 4


  67:.\main.c      ****             /* Enable the Hibernate wakeup functionality */
  68:.\main.c      ****             Switch_2_ClearInterrupt();
  69:.\main.c      ****             ISR_Start();
  70:.\main.c      ****              
  71:.\main.c      ****             /* Enter hibernate mode */
  72:.\main.c      ****             CySysPmHibernate(); 
  73:.\main.c      ****           
  74:.\main.c      ****         }
  75:.\main.c      ****         	
  76:.\main.c      **** }
  77:.\main.c      **** 
  78:.\main.c      **** 
  79:.\main.c      **** /*******************************************************************************
  80:.\main.c      **** * Function Name: InitializeSystem
  81:.\main.c      **** ********************************************************************************
  82:.\main.c      **** * Summary:
  83:.\main.c      **** * Start the components and initialize system.
  84:.\main.c      **** *
  85:.\main.c      **** * Parameters:
  86:.\main.c      **** *  void
  87:.\main.c      **** *
  88:.\main.c      **** * Return:
  89:.\main.c      **** *  void
  90:.\main.c      **** *
  91:.\main.c      **** *******************************************************************************/
  92:.\main.c      **** void InitializeSystem(void)
  93:.\main.c      **** {
 106              		.loc 1 93 0
 107              		.cfi_startproc
 108 0000 80B5     		push	{r7, lr}
 109              		.cfi_def_cfa_offset 8
 110              		.cfi_offset 7, -8
 111              		.cfi_offset 14, -4
 112 0002 00AF     		add	r7, sp, #0
 113              		.cfi_def_cfa_register 7
  94:.\main.c      **** 	/* Enable global interrupt mask */
  95:.\main.c      **** 	CyGlobalIntEnable; 
 114              		.loc 1 95 0
 115              	@ 95 ".\main.c" 1
 116 0004 62B6     		CPSIE   i
 117              	@ 0 "" 2
  96:.\main.c      **** 		
  97:.\main.c      **** 	/* Start BLE component and register the CustomEventHandler function. This 
  98:.\main.c      **** 	 * function exposes the events from BLE component for application use */
  99:.\main.c      ****     CyBle_Start(CustomEventHandler);
 118              		.loc 1 99 0
 119              		.code	16
 120 0006 114B     		ldr	r3, .L9
 121 0008 181C     		mov	r0, r3
 122 000a FFF7FEFF 		bl	CyBle_Start
 100:.\main.c      ****     CyBle_ProcessEvents();
 123              		.loc 1 100 0
 124 000e FFF7FEFF 		bl	CyBle_ProcessEvents
 101:.\main.c      ****     
 102:.\main.c      **** 	/* Start both the PrISM components for LED control*/
 103:.\main.c      ****     PRS_1_Start();
 125              		.loc 1 103 0
ARM GAS  C:\Users\PAVAND~1\AppData\Local\Temp\cce2IT1V.s 			page 5


 126 0012 FFF7FEFF 		bl	PRS_1_Start
 104:.\main.c      ****     PRS_2_Start();
 127              		.loc 1 104 0
 128 0016 FFF7FEFF 		bl	PRS_2_Start
 105:.\main.c      **** 	
 106:.\main.c      **** 	/* The RGB LED on BLE Pioneer kit are active low. Drive HIGH on 
 107:.\main.c      **** 	 * pin for OFF and drive LOW on pin for ON*/
 108:.\main.c      **** 	PRS_1_WritePulse0(RGB_LED_OFF);
 129              		.loc 1 108 0
 130 001a FF20     		mov	r0, #255
 131 001c FFF7FEFF 		bl	PRS_1_WritePulse0
 109:.\main.c      **** 	PRS_1_WritePulse1(RGB_LED_OFF);
 132              		.loc 1 109 0
 133 0020 FF20     		mov	r0, #255
 134 0022 FFF7FEFF 		bl	PRS_1_WritePulse1
 110:.\main.c      **** 	PRS_2_WritePulse0(RGB_LED_OFF);
 135              		.loc 1 110 0
 136 0026 FF20     		mov	r0, #255
 137 0028 FFF7FEFF 		bl	PRS_2_WritePulse0
 111:.\main.c      **** 	
 112:.\main.c      **** 	/* Set Drive mode of output pins from HiZ to Strong */
 113:.\main.c      **** 	RED_SetDriveMode(RED_DM_STRONG);
 138              		.loc 1 113 0
 139 002c 0620     		mov	r0, #6
 140 002e FFF7FEFF 		bl	RED_SetDriveMode
 114:.\main.c      **** 	GREEN_SetDriveMode(GREEN_DM_STRONG);
 141              		.loc 1 114 0
 142 0032 0620     		mov	r0, #6
 143 0034 FFF7FEFF 		bl	GREEN_SetDriveMode
 115:.\main.c      **** 	BLUE_SetDriveMode(BLUE_DM_STRONG);
 144              		.loc 1 115 0
 145 0038 0620     		mov	r0, #6
 146 003a FFF7FEFF 		bl	BLUE_SetDriveMode
 116:.\main.c      **** 	
 117:.\main.c      **** 	/* Initialize CapSense component and initialize baselines*/
 118:.\main.c      **** 	CapSense_Start();
 147              		.loc 1 118 0
 148 003e FFF7FEFF 		bl	CapSense_Start
 119:.\main.c      **** 	CapSense_InitializeAllBaselines();
 149              		.loc 1 119 0
 150 0042 FFF7FEFF 		bl	CapSense_InitializeAllBaselines
 120:.\main.c      **** 
 121:.\main.c      **** }
 151              		.loc 1 121 0
 152 0046 BD46     		mov	sp, r7
 153              		@ sp needed
 154 0048 80BD     		pop	{r7, pc}
 155              	.L10:
 156 004a C046     		.align	2
 157              	.L9:
 158 004c 00000000 		.word	CustomEventHandler
 159              		.cfi_endproc
 160              	.LFE36:
 161              		.size	InitializeSystem, .-InitializeSystem
 162              		.section	.text.HandleCapSenseProximity,"ax",%progbits
 163              		.align	2
 164              		.code	16
ARM GAS  C:\Users\PAVAND~1\AppData\Local\Temp\cce2IT1V.s 			page 6


 165              		.thumb_func
 166              		.type	HandleCapSenseProximity, %function
 167              	HandleCapSenseProximity:
 168              	.LFB37:
 122:.\main.c      **** 
 123:.\main.c      **** //-----------------------------Exercise 1 Main Function---------------------------------------//
 124:.\main.c      **** void HandleCapSenseProximity(void){
 169              		.loc 1 124 0
 170              		.cfi_startproc
 171 0000 90B5     		push	{r4, r7, lr}
 172              		.cfi_def_cfa_offset 12
 173              		.cfi_offset 4, -12
 174              		.cfi_offset 7, -8
 175              		.cfi_offset 14, -4
 176 0002 83B0     		sub	sp, sp, #12
 177              		.cfi_def_cfa_offset 24
 178 0004 00AF     		add	r7, sp, #0
 179              		.cfi_def_cfa_register 7
 125:.\main.c      ****     
 126:.\main.c      **** 	uint8 prox;
 127:.\main.c      ****     CapSense_EnableWidget(CapSense_PROXIMITYSENSOR0__PROX); 
 180              		.loc 1 127 0
 181 0006 0020     		mov	r0, #0
 182 0008 FFF7FEFF 		bl	CapSense_EnableWidget
 128:.\main.c      ****     CapSense_UpdateEnabledBaselines();	
 183              		.loc 1 128 0
 184 000c FFF7FEFF 		bl	CapSense_UpdateEnabledBaselines
 129:.\main.c      ****     CapSense_ScanWidget(CapSense_PROXIMITYSENSOR0__PROX);	
 185              		.loc 1 129 0
 186 0010 0020     		mov	r0, #0
 187 0012 FFF7FEFF 		bl	CapSense_ScanWidget
 130:.\main.c      ****   
 131:.\main.c      ****     while(CapSense_IsBusy());
 188              		.loc 1 131 0
 189 0016 C046     		mov	r8, r8
 190              	.L12:
 191              		.loc 1 131 0 is_stmt 0 discriminator 1
 192 0018 FFF7FEFF 		bl	CapSense_IsBusy
 193 001c 031C     		mov	r3, r0
 194 001e 002B     		cmp	r3, #0
 195 0020 FAD1     		bne	.L12
 132:.\main.c      ****     prox = CapSense_GetDiffCountData(CapSense_PROXIMITYSENSOR0__PROX);
 196              		.loc 1 132 0 is_stmt 1
 197 0022 FC1D     		add	r4, r7, #7
 198 0024 0020     		mov	r0, #0
 199 0026 FFF7FEFF 		bl	CapSense_GetDiffCountData
 200 002a 031C     		mov	r3, r0
 201 002c 2370     		strb	r3, [r4]
 133:.\main.c      ****     
 134:.\main.c      ****     SendCapSenseNotification((uint8)prox);
 202              		.loc 1 134 0
 203 002e FB1D     		add	r3, r7, #7
 204 0030 1B78     		ldrb	r3, [r3]
 205 0032 181C     		mov	r0, r3
 206 0034 FFF7FEFF 		bl	SendCapSenseNotification
 135:.\main.c      ****     
 136:.\main.c      ****     if (deviceConnected == FALSE){
ARM GAS  C:\Users\PAVAND~1\AppData\Local\Temp\cce2IT1V.s 			page 7


 207              		.loc 1 136 0
 208 0038 034B     		ldr	r3, .L14
 209 003a 1B78     		ldrb	r3, [r3]
 210 003c 002B     		cmp	r3, #0
 211 003e 00D1     		bne	.L11
 137:.\main.c      ****         return;
 212              		.loc 1 137 0
 213 0040 C046     		mov	r8, r8
 214              	.L11:
 138:.\main.c      ****     }
 139:.\main.c      **** }	
 215              		.loc 1 139 0
 216 0042 BD46     		mov	sp, r7
 217 0044 03B0     		add	sp, sp, #12
 218              		@ sp needed
 219 0046 90BD     		pop	{r4, r7, pc}
 220              	.L15:
 221              		.align	2
 222              	.L14:
 223 0048 00000000 		.word	deviceConnected
 224              		.cfi_endproc
 225              	.LFE37:
 226              		.size	HandleCapSenseProximity, .-HandleCapSenseProximity
 227              		.text
 228              	.Letext0:
 229              		.file 2 ".\\Generated_Source\\PSoC4/cytypes.h"
 230              		.file 3 ".\\Generated_Source\\PSoC4/BLE_1_Stack.h"
 231              		.file 4 "./BLEApplications.h"
 232              		.section	.debug_info,"",%progbits
 233              	.Ldebug_info0:
 234 0000 87010000 		.4byte	0x187
 235 0004 0400     		.2byte	0x4
 236 0006 00000000 		.4byte	.Ldebug_abbrev0
 237 000a 04       		.byte	0x4
 238 000b 01       		.uleb128 0x1
 239 000c 73000000 		.4byte	.LASF34
 240 0010 01       		.byte	0x1
 241 0011 58010000 		.4byte	.LASF35
 242 0015 06010000 		.4byte	.LASF36
 243 0019 00000000 		.4byte	.Ldebug_ranges0+0
 244 001d 00000000 		.4byte	0
 245 0021 00000000 		.4byte	.Ldebug_line0
 246 0025 02       		.uleb128 0x2
 247 0026 01       		.byte	0x1
 248 0027 06       		.byte	0x6
 249 0028 01030000 		.4byte	.LASF0
 250 002c 02       		.uleb128 0x2
 251 002d 01       		.byte	0x1
 252 002e 08       		.byte	0x8
 253 002f 4A010000 		.4byte	.LASF1
 254 0033 02       		.uleb128 0x2
 255 0034 02       		.byte	0x2
 256 0035 05       		.byte	0x5
 257 0036 DE020000 		.4byte	.LASF2
 258 003a 02       		.uleb128 0x2
 259 003b 02       		.byte	0x2
 260 003c 07       		.byte	0x7
ARM GAS  C:\Users\PAVAND~1\AppData\Local\Temp\cce2IT1V.s 			page 8


 261 003d 2B000000 		.4byte	.LASF3
 262 0041 02       		.uleb128 0x2
 263 0042 04       		.byte	0x4
 264 0043 05       		.byte	0x5
 265 0044 F8020000 		.4byte	.LASF4
 266 0048 02       		.uleb128 0x2
 267 0049 04       		.byte	0x4
 268 004a 07       		.byte	0x7
 269 004b 61010000 		.4byte	.LASF5
 270 004f 02       		.uleb128 0x2
 271 0050 08       		.byte	0x8
 272 0051 05       		.byte	0x5
 273 0052 87020000 		.4byte	.LASF6
 274 0056 02       		.uleb128 0x2
 275 0057 08       		.byte	0x8
 276 0058 07       		.byte	0x7
 277 0059 EF000000 		.4byte	.LASF7
 278 005d 03       		.uleb128 0x3
 279 005e 04       		.byte	0x4
 280 005f 05       		.byte	0x5
 281 0060 696E7400 		.ascii	"int\000"
 282 0064 02       		.uleb128 0x2
 283 0065 04       		.byte	0x4
 284 0066 07       		.byte	0x7
 285 0067 F3010000 		.4byte	.LASF8
 286 006b 04       		.uleb128 0x4
 287 006c 73010000 		.4byte	.LASF18
 288 0070 02       		.byte	0x2
 289 0071 A1       		.byte	0xa1
 290 0072 2C000000 		.4byte	0x2c
 291 0076 02       		.uleb128 0x2
 292 0077 04       		.byte	0x4
 293 0078 04       		.byte	0x4
 294 0079 6D000000 		.4byte	.LASF9
 295 007d 02       		.uleb128 0x2
 296 007e 08       		.byte	0x8
 297 007f 04       		.byte	0x4
 298 0080 BB010000 		.4byte	.LASF10
 299 0084 02       		.uleb128 0x2
 300 0085 01       		.byte	0x1
 301 0086 08       		.byte	0x8
 302 0087 00020000 		.4byte	.LASF11
 303 008b 02       		.uleb128 0x2
 304 008c 04       		.byte	0x4
 305 008d 07       		.byte	0x7
 306 008e 7E020000 		.4byte	.LASF12
 307 0092 05       		.uleb128 0x5
 308 0093 01       		.byte	0x1
 309 0094 03       		.byte	0x3
 310 0095 F801     		.2byte	0x1f8
 311 0097 BB000000 		.4byte	0xbb
 312 009b 06       		.uleb128 0x6
 313 009c 0D030000 		.4byte	.LASF13
 314 00a0 01       		.sleb128 1
 315 00a1 06       		.uleb128 0x6
 316 00a2 19000000 		.4byte	.LASF14
 317 00a6 02       		.sleb128 2
ARM GAS  C:\Users\PAVAND~1\AppData\Local\Temp\cce2IT1V.s 			page 9


 318 00a7 06       		.uleb128 0x6
 319 00a8 05020000 		.4byte	.LASF15
 320 00ac 03       		.sleb128 3
 321 00ad 06       		.uleb128 0x6
 322 00ae A5010000 		.4byte	.LASF16
 323 00b2 04       		.sleb128 4
 324 00b3 06       		.uleb128 0x6
 325 00b4 79010000 		.4byte	.LASF17
 326 00b8 FF01     		.sleb128 255
 327 00ba 00       		.byte	0
 328 00bb 07       		.uleb128 0x7
 329 00bc E8020000 		.4byte	.LASF19
 330 00c0 03       		.byte	0x3
 331 00c1 1402     		.2byte	0x214
 332 00c3 92000000 		.4byte	0x92
 333 00c7 05       		.uleb128 0x5
 334 00c8 01       		.byte	0x1
 335 00c9 03       		.byte	0x3
 336 00ca 1802     		.2byte	0x218
 337 00cc 02010000 		.4byte	0x102
 338 00d0 06       		.uleb128 0x6
 339 00d1 00000000 		.4byte	.LASF20
 340 00d5 01       		.sleb128 1
 341 00d6 06       		.uleb128 0x6
 342 00d7 33020000 		.4byte	.LASF21
 343 00db 02       		.sleb128 2
 344 00dc 06       		.uleb128 0x6
 345 00dd 8D010000 		.4byte	.LASF22
 346 00e1 03       		.sleb128 3
 347 00e2 06       		.uleb128 0x6
 348 00e3 3E000000 		.4byte	.LASF23
 349 00e7 04       		.sleb128 4
 350 00e8 06       		.uleb128 0x6
 351 00e9 C1020000 		.4byte	.LASF24
 352 00ed 05       		.sleb128 5
 353 00ee 06       		.uleb128 0x6
 354 00ef 95020000 		.4byte	.LASF25
 355 00f3 06       		.sleb128 6
 356 00f4 06       		.uleb128 0x6
 357 00f5 D7010000 		.4byte	.LASF26
 358 00f9 07       		.sleb128 7
 359 00fa 06       		.uleb128 0x6
 360 00fb 64020000 		.4byte	.LASF27
 361 00ff FF01     		.sleb128 255
 362 0101 00       		.byte	0
 363 0102 08       		.uleb128 0x8
 364 0103 C2010000 		.4byte	.LASF37
 365 0107 01       		.byte	0x1
 366 0108 11       		.byte	0x11
 367 0109 5D000000 		.4byte	0x5d
 368 010d 00000000 		.4byte	.LFB35
 369 0111 6C000000 		.4byte	.LFE35-.LFB35
 370 0115 01       		.uleb128 0x1
 371 0116 9C       		.byte	0x9c
 372 0117 38010000 		.4byte	0x138
 373 011b 09       		.uleb128 0x9
 374 011c B1020000 		.4byte	.LASF28
ARM GAS  C:\Users\PAVAND~1\AppData\Local\Temp\cce2IT1V.s 			page 10


 375 0120 01       		.byte	0x1
 376 0121 13       		.byte	0x13
 377 0122 6B000000 		.4byte	0x6b
 378 0126 02       		.uleb128 0x2
 379 0127 91       		.byte	0x91
 380 0128 6E       		.sleb128 -18
 381 0129 09       		.uleb128 0x9
 382 012a 26030000 		.4byte	.LASF29
 383 012e 01       		.byte	0x1
 384 012f 14       		.byte	0x14
 385 0130 BB000000 		.4byte	0xbb
 386 0134 02       		.uleb128 0x2
 387 0135 91       		.byte	0x91
 388 0136 6F       		.sleb128 -17
 389 0137 00       		.byte	0
 390 0138 0A       		.uleb128 0xa
 391 0139 57000000 		.4byte	.LASF38
 392 013d 01       		.byte	0x1
 393 013e 5C       		.byte	0x5c
 394 013f 00000000 		.4byte	.LFB36
 395 0143 50000000 		.4byte	.LFE36-.LFB36
 396 0147 01       		.uleb128 0x1
 397 0148 9C       		.byte	0x9c
 398 0149 0B       		.uleb128 0xb
 399 014a 1B020000 		.4byte	.LASF39
 400 014e 01       		.byte	0x1
 401 014f 7C       		.byte	0x7c
 402 0150 00000000 		.4byte	.LFB37
 403 0154 4C000000 		.4byte	.LFE37-.LFB37
 404 0158 01       		.uleb128 0x1
 405 0159 9C       		.byte	0x9c
 406 015a 6D010000 		.4byte	0x16d
 407 015e 09       		.uleb128 0x9
 408 015f 68000000 		.4byte	.LASF30
 409 0163 01       		.byte	0x1
 410 0164 7E       		.byte	0x7e
 411 0165 6B000000 		.4byte	0x6b
 412 0169 02       		.uleb128 0x2
 413 016a 91       		.byte	0x91
 414 016b 6F       		.sleb128 -17
 415 016c 00       		.byte	0
 416 016d 0C       		.uleb128 0xc
 417 016e C7010000 		.4byte	.LASF31
 418 0172 04       		.byte	0x4
 419 0173 55       		.byte	0x55
 420 0174 6B000000 		.4byte	0x6b
 421 0178 0C       		.uleb128 0xc
 422 0179 51020000 		.4byte	.LASF32
 423 017d 04       		.byte	0x4
 424 017e 57       		.byte	0x57
 425 017f 83010000 		.4byte	0x183
 426 0183 02       		.uleb128 0x2
 427 0184 01       		.byte	0x1
 428 0185 02       		.byte	0x2
 429 0186 20030000 		.4byte	.LASF33
 430 018a 00       		.byte	0
 431              		.section	.debug_abbrev,"",%progbits
ARM GAS  C:\Users\PAVAND~1\AppData\Local\Temp\cce2IT1V.s 			page 11


 432              	.Ldebug_abbrev0:
 433 0000 01       		.uleb128 0x1
 434 0001 11       		.uleb128 0x11
 435 0002 01       		.byte	0x1
 436 0003 25       		.uleb128 0x25
 437 0004 0E       		.uleb128 0xe
 438 0005 13       		.uleb128 0x13
 439 0006 0B       		.uleb128 0xb
 440 0007 03       		.uleb128 0x3
 441 0008 0E       		.uleb128 0xe
 442 0009 1B       		.uleb128 0x1b
 443 000a 0E       		.uleb128 0xe
 444 000b 55       		.uleb128 0x55
 445 000c 17       		.uleb128 0x17
 446 000d 11       		.uleb128 0x11
 447 000e 01       		.uleb128 0x1
 448 000f 10       		.uleb128 0x10
 449 0010 17       		.uleb128 0x17
 450 0011 00       		.byte	0
 451 0012 00       		.byte	0
 452 0013 02       		.uleb128 0x2
 453 0014 24       		.uleb128 0x24
 454 0015 00       		.byte	0
 455 0016 0B       		.uleb128 0xb
 456 0017 0B       		.uleb128 0xb
 457 0018 3E       		.uleb128 0x3e
 458 0019 0B       		.uleb128 0xb
 459 001a 03       		.uleb128 0x3
 460 001b 0E       		.uleb128 0xe
 461 001c 00       		.byte	0
 462 001d 00       		.byte	0
 463 001e 03       		.uleb128 0x3
 464 001f 24       		.uleb128 0x24
 465 0020 00       		.byte	0
 466 0021 0B       		.uleb128 0xb
 467 0022 0B       		.uleb128 0xb
 468 0023 3E       		.uleb128 0x3e
 469 0024 0B       		.uleb128 0xb
 470 0025 03       		.uleb128 0x3
 471 0026 08       		.uleb128 0x8
 472 0027 00       		.byte	0
 473 0028 00       		.byte	0
 474 0029 04       		.uleb128 0x4
 475 002a 16       		.uleb128 0x16
 476 002b 00       		.byte	0
 477 002c 03       		.uleb128 0x3
 478 002d 0E       		.uleb128 0xe
 479 002e 3A       		.uleb128 0x3a
 480 002f 0B       		.uleb128 0xb
 481 0030 3B       		.uleb128 0x3b
 482 0031 0B       		.uleb128 0xb
 483 0032 49       		.uleb128 0x49
 484 0033 13       		.uleb128 0x13
 485 0034 00       		.byte	0
 486 0035 00       		.byte	0
 487 0036 05       		.uleb128 0x5
 488 0037 04       		.uleb128 0x4
ARM GAS  C:\Users\PAVAND~1\AppData\Local\Temp\cce2IT1V.s 			page 12


 489 0038 01       		.byte	0x1
 490 0039 0B       		.uleb128 0xb
 491 003a 0B       		.uleb128 0xb
 492 003b 3A       		.uleb128 0x3a
 493 003c 0B       		.uleb128 0xb
 494 003d 3B       		.uleb128 0x3b
 495 003e 05       		.uleb128 0x5
 496 003f 01       		.uleb128 0x1
 497 0040 13       		.uleb128 0x13
 498 0041 00       		.byte	0
 499 0042 00       		.byte	0
 500 0043 06       		.uleb128 0x6
 501 0044 28       		.uleb128 0x28
 502 0045 00       		.byte	0
 503 0046 03       		.uleb128 0x3
 504 0047 0E       		.uleb128 0xe
 505 0048 1C       		.uleb128 0x1c
 506 0049 0D       		.uleb128 0xd
 507 004a 00       		.byte	0
 508 004b 00       		.byte	0
 509 004c 07       		.uleb128 0x7
 510 004d 16       		.uleb128 0x16
 511 004e 00       		.byte	0
 512 004f 03       		.uleb128 0x3
 513 0050 0E       		.uleb128 0xe
 514 0051 3A       		.uleb128 0x3a
 515 0052 0B       		.uleb128 0xb
 516 0053 3B       		.uleb128 0x3b
 517 0054 05       		.uleb128 0x5
 518 0055 49       		.uleb128 0x49
 519 0056 13       		.uleb128 0x13
 520 0057 00       		.byte	0
 521 0058 00       		.byte	0
 522 0059 08       		.uleb128 0x8
 523 005a 2E       		.uleb128 0x2e
 524 005b 01       		.byte	0x1
 525 005c 3F       		.uleb128 0x3f
 526 005d 19       		.uleb128 0x19
 527 005e 03       		.uleb128 0x3
 528 005f 0E       		.uleb128 0xe
 529 0060 3A       		.uleb128 0x3a
 530 0061 0B       		.uleb128 0xb
 531 0062 3B       		.uleb128 0x3b
 532 0063 0B       		.uleb128 0xb
 533 0064 49       		.uleb128 0x49
 534 0065 13       		.uleb128 0x13
 535 0066 11       		.uleb128 0x11
 536 0067 01       		.uleb128 0x1
 537 0068 12       		.uleb128 0x12
 538 0069 06       		.uleb128 0x6
 539 006a 40       		.uleb128 0x40
 540 006b 18       		.uleb128 0x18
 541 006c 9642     		.uleb128 0x2116
 542 006e 19       		.uleb128 0x19
 543 006f 01       		.uleb128 0x1
 544 0070 13       		.uleb128 0x13
 545 0071 00       		.byte	0
ARM GAS  C:\Users\PAVAND~1\AppData\Local\Temp\cce2IT1V.s 			page 13


 546 0072 00       		.byte	0
 547 0073 09       		.uleb128 0x9
 548 0074 34       		.uleb128 0x34
 549 0075 00       		.byte	0
 550 0076 03       		.uleb128 0x3
 551 0077 0E       		.uleb128 0xe
 552 0078 3A       		.uleb128 0x3a
 553 0079 0B       		.uleb128 0xb
 554 007a 3B       		.uleb128 0x3b
 555 007b 0B       		.uleb128 0xb
 556 007c 49       		.uleb128 0x49
 557 007d 13       		.uleb128 0x13
 558 007e 02       		.uleb128 0x2
 559 007f 18       		.uleb128 0x18
 560 0080 00       		.byte	0
 561 0081 00       		.byte	0
 562 0082 0A       		.uleb128 0xa
 563 0083 2E       		.uleb128 0x2e
 564 0084 00       		.byte	0
 565 0085 03       		.uleb128 0x3
 566 0086 0E       		.uleb128 0xe
 567 0087 3A       		.uleb128 0x3a
 568 0088 0B       		.uleb128 0xb
 569 0089 3B       		.uleb128 0x3b
 570 008a 0B       		.uleb128 0xb
 571 008b 27       		.uleb128 0x27
 572 008c 19       		.uleb128 0x19
 573 008d 11       		.uleb128 0x11
 574 008e 01       		.uleb128 0x1
 575 008f 12       		.uleb128 0x12
 576 0090 06       		.uleb128 0x6
 577 0091 40       		.uleb128 0x40
 578 0092 18       		.uleb128 0x18
 579 0093 9642     		.uleb128 0x2116
 580 0095 19       		.uleb128 0x19
 581 0096 00       		.byte	0
 582 0097 00       		.byte	0
 583 0098 0B       		.uleb128 0xb
 584 0099 2E       		.uleb128 0x2e
 585 009a 01       		.byte	0x1
 586 009b 03       		.uleb128 0x3
 587 009c 0E       		.uleb128 0xe
 588 009d 3A       		.uleb128 0x3a
 589 009e 0B       		.uleb128 0xb
 590 009f 3B       		.uleb128 0x3b
 591 00a0 0B       		.uleb128 0xb
 592 00a1 27       		.uleb128 0x27
 593 00a2 19       		.uleb128 0x19
 594 00a3 11       		.uleb128 0x11
 595 00a4 01       		.uleb128 0x1
 596 00a5 12       		.uleb128 0x12
 597 00a6 06       		.uleb128 0x6
 598 00a7 40       		.uleb128 0x40
 599 00a8 18       		.uleb128 0x18
 600 00a9 9642     		.uleb128 0x2116
 601 00ab 19       		.uleb128 0x19
 602 00ac 01       		.uleb128 0x1
ARM GAS  C:\Users\PAVAND~1\AppData\Local\Temp\cce2IT1V.s 			page 14


 603 00ad 13       		.uleb128 0x13
 604 00ae 00       		.byte	0
 605 00af 00       		.byte	0
 606 00b0 0C       		.uleb128 0xc
 607 00b1 34       		.uleb128 0x34
 608 00b2 00       		.byte	0
 609 00b3 03       		.uleb128 0x3
 610 00b4 0E       		.uleb128 0xe
 611 00b5 3A       		.uleb128 0x3a
 612 00b6 0B       		.uleb128 0xb
 613 00b7 3B       		.uleb128 0x3b
 614 00b8 0B       		.uleb128 0xb
 615 00b9 49       		.uleb128 0x49
 616 00ba 13       		.uleb128 0x13
 617 00bb 3F       		.uleb128 0x3f
 618 00bc 19       		.uleb128 0x19
 619 00bd 3C       		.uleb128 0x3c
 620 00be 19       		.uleb128 0x19
 621 00bf 00       		.byte	0
 622 00c0 00       		.byte	0
 623 00c1 00       		.byte	0
 624              		.section	.debug_aranges,"",%progbits
 625 0000 2C000000 		.4byte	0x2c
 626 0004 0200     		.2byte	0x2
 627 0006 00000000 		.4byte	.Ldebug_info0
 628 000a 04       		.byte	0x4
 629 000b 00       		.byte	0
 630 000c 0000     		.2byte	0
 631 000e 0000     		.2byte	0
 632 0010 00000000 		.4byte	.LFB35
 633 0014 6C000000 		.4byte	.LFE35-.LFB35
 634 0018 00000000 		.4byte	.LFB36
 635 001c 50000000 		.4byte	.LFE36-.LFB36
 636 0020 00000000 		.4byte	.LFB37
 637 0024 4C000000 		.4byte	.LFE37-.LFB37
 638 0028 00000000 		.4byte	0
 639 002c 00000000 		.4byte	0
 640              		.section	.debug_ranges,"",%progbits
 641              	.Ldebug_ranges0:
 642 0000 00000000 		.4byte	.LFB35
 643 0004 6C000000 		.4byte	.LFE35
 644 0008 00000000 		.4byte	.LFB36
 645 000c 50000000 		.4byte	.LFE36
 646 0010 00000000 		.4byte	.LFB37
 647 0014 4C000000 		.4byte	.LFE37
 648 0018 00000000 		.4byte	0
 649 001c 00000000 		.4byte	0
 650              		.section	.debug_line,"",%progbits
 651              	.Ldebug_line0:
 652 0000 D2000000 		.section	.debug_str,"MS",%progbits,1
 652      02006D00 
 652      00000201 
 652      FB0E0D00 
 652      01010101 
 653              	.LASF20:
 654 0000 4359424C 		.ascii	"CYBLE_BLESS_STATE_ACTIVE\000"
 654      455F424C 
ARM GAS  C:\Users\PAVAND~1\AppData\Local\Temp\cce2IT1V.s 			page 15


 654      4553535F 
 654      53544154 
 654      455F4143 
 655              	.LASF14:
 656 0019 4359424C 		.ascii	"CYBLE_BLESS_SLEEP\000"
 656      455F424C 
 656      4553535F 
 656      534C4545 
 656      5000
 657              	.LASF3:
 658 002b 73686F72 		.ascii	"short unsigned int\000"
 658      7420756E 
 658      7369676E 
 658      65642069 
 658      6E7400
 659              	.LASF23:
 660 003e 4359424C 		.ascii	"CYBLE_BLESS_STATE_ECO_ON\000"
 660      455F424C 
 660      4553535F 
 660      53544154 
 660      455F4543 
 661              	.LASF38:
 662 0057 496E6974 		.ascii	"InitializeSystem\000"
 662      69616C69 
 662      7A655379 
 662      7374656D 
 662      00
 663              	.LASF30:
 664 0068 70726F78 		.ascii	"prox\000"
 664      00
 665              	.LASF9:
 666 006d 666C6F61 		.ascii	"float\000"
 666      7400
 667              	.LASF34:
 668 0073 474E5520 		.ascii	"GNU C 4.8.4 20140526 (release) [ARM/embedded-4_8-br"
 668      4320342E 
 668      382E3420 
 668      32303134 
 668      30353236 
 669 00a6 616E6368 		.ascii	"anch revision 211358] -mcpu=cortex-m0 -mthumb -g -O"
 669      20726576 
 669      6973696F 
 669      6E203231 
 669      31333538 
 670 00d9 30202D66 		.ascii	"0 -ffunction-sections\000"
 670      66756E63 
 670      74696F6E 
 670      2D736563 
 670      74696F6E 
 671              	.LASF7:
 672 00ef 6C6F6E67 		.ascii	"long long unsigned int\000"
 672      206C6F6E 
 672      6720756E 
 672      7369676E 
 672      65642069 
 673              	.LASF36:
 674 0106 433A5C55 		.ascii	"C:\\Users\\Pavandeep\\Documents\\PSoC Creator\\BLE "
ARM GAS  C:\Users\PAVAND~1\AppData\Local\Temp\cce2IT1V.s 			page 16


 674      73657273 
 674      5C506176 
 674      616E6465 
 674      65705C44 
 675 0134 4C616220 		.ascii	"Lab 4\\BLE Lab 4.cydsn\000"
 675      345C424C 
 675      45204C61 
 675      6220342E 
 675      63796473 
 676              	.LASF1:
 677 014a 756E7369 		.ascii	"unsigned char\000"
 677      676E6564 
 677      20636861 
 677      7200
 678              	.LASF35:
 679 0158 2E5C6D61 		.ascii	".\\main.c\000"
 679      696E2E63 
 679      00
 680              	.LASF5:
 681 0161 6C6F6E67 		.ascii	"long unsigned int\000"
 681      20756E73 
 681      69676E65 
 681      6420696E 
 681      7400
 682              	.LASF18:
 683 0173 75696E74 		.ascii	"uint8\000"
 683      3800
 684              	.LASF17:
 685 0179 4359424C 		.ascii	"CYBLE_BLESS_INVALID\000"
 685      455F424C 
 685      4553535F 
 685      494E5641 
 685      4C494400 
 686              	.LASF22:
 687 018d 4359424C 		.ascii	"CYBLE_BLESS_STATE_SLEEP\000"
 687      455F424C 
 687      4553535F 
 687      53544154 
 687      455F534C 
 688              	.LASF16:
 689 01a5 4359424C 		.ascii	"CYBLE_BLESS_HIBERNATE\000"
 689      455F424C 
 689      4553535F 
 689      48494245 
 689      524E4154 
 690              	.LASF10:
 691 01bb 646F7562 		.ascii	"double\000"
 691      6C6500
 692              	.LASF37:
 693 01c2 6D61696E 		.ascii	"main\000"
 693      00
 694              	.LASF31:
 695 01c7 64657669 		.ascii	"deviceConnected\000"
 695      6365436F 
 695      6E6E6563 
 695      74656400 
 696              	.LASF26:
ARM GAS  C:\Users\PAVAND~1\AppData\Local\Temp\cce2IT1V.s 			page 17


 697 01d7 4359424C 		.ascii	"CYBLE_BLESS_STATE_HIBERNATE\000"
 697      455F424C 
 697      4553535F 
 697      53544154 
 697      455F4849 
 698              	.LASF8:
 699 01f3 756E7369 		.ascii	"unsigned int\000"
 699      676E6564 
 699      20696E74 
 699      00
 700              	.LASF11:
 701 0200 63686172 		.ascii	"char\000"
 701      00
 702              	.LASF15:
 703 0205 4359424C 		.ascii	"CYBLE_BLESS_DEEPSLEEP\000"
 703      455F424C 
 703      4553535F 
 703      44454550 
 703      534C4545 
 704              	.LASF39:
 705 021b 48616E64 		.ascii	"HandleCapSenseProximity\000"
 705      6C654361 
 705      7053656E 
 705      73655072 
 705      6F78696D 
 706              	.LASF21:
 707 0233 4359424C 		.ascii	"CYBLE_BLESS_STATE_EVENT_CLOSE\000"
 707      455F424C 
 707      4553535F 
 707      53544154 
 707      455F4556 
 708              	.LASF32:
 709 0251 656E7465 		.ascii	"enterHibernateFlag\000"
 709      72486962 
 709      65726E61 
 709      7465466C 
 709      616700
 710              	.LASF27:
 711 0264 4359424C 		.ascii	"CYBLE_BLESS_STATE_INVALID\000"
 711      455F424C 
 711      4553535F 
 711      53544154 
 711      455F494E 
 712              	.LASF12:
 713 027e 73697A65 		.ascii	"sizetype\000"
 713      74797065 
 713      00
 714              	.LASF6:
 715 0287 6C6F6E67 		.ascii	"long long int\000"
 715      206C6F6E 
 715      6720696E 
 715      7400
 716              	.LASF25:
 717 0295 4359424C 		.ascii	"CYBLE_BLESS_STATE_DEEPSLEEP\000"
 717      455F424C 
 717      4553535F 
 717      53544154 
ARM GAS  C:\Users\PAVAND~1\AppData\Local\Temp\cce2IT1V.s 			page 18


 717      455F4445 
 718              	.LASF28:
 719 02b1 696E7465 		.ascii	"interruptStatus\000"
 719      72727570 
 719      74537461 
 719      74757300 
 720              	.LASF24:
 721 02c1 4359424C 		.ascii	"CYBLE_BLESS_STATE_ECO_STABLE\000"
 721      455F424C 
 721      4553535F 
 721      53544154 
 721      455F4543 
 722              	.LASF2:
 723 02de 73686F72 		.ascii	"short int\000"
 723      7420696E 
 723      7400
 724              	.LASF19:
 725 02e8 4359424C 		.ascii	"CYBLE_LP_MODE_T\000"
 725      455F4C50 
 725      5F4D4F44 
 725      455F5400 
 726              	.LASF4:
 727 02f8 6C6F6E67 		.ascii	"long int\000"
 727      20696E74 
 727      00
 728              	.LASF0:
 729 0301 7369676E 		.ascii	"signed char\000"
 729      65642063 
 729      68617200 
 730              	.LASF13:
 731 030d 4359424C 		.ascii	"CYBLE_BLESS_ACTIVE\000"
 731      455F424C 
 731      4553535F 
 731      41435449 
 731      564500
 732              	.LASF33:
 733 0320 5F426F6F 		.ascii	"_Bool\000"
 733      6C00
 734              	.LASF29:
 735 0326 626C654D 		.ascii	"bleMode\000"
 735      6F646500 
 736              		.ident	"GCC: (GNU Tools for ARM Embedded Processors) 4.8.4 20140526 (release) [ARM/embedded-4_8-br
